<?xml version="1.0" encoding="UTF-8"?>
<!-- Generated by org.testng.reporters.JUnitReportReporter -->
<testsuite hostname="LAPTOP-EH9HKVKU" failures="0" tests="4" name="testcase.api.SetData" time="9.977" errors="0" timestamp="2024-09-18T11:10:50 IST" skipped="0">
  <testcase classname="testcase.api.SetData" name="postTest" time="3.349"/>
  <testcase classname="testcase.api.SetData" name="getTest" time="1.394"/>
  <testcase classname="testcase.api.SetData" name="putTest" time="3.908"/>
  <testcase classname="testcase.api.SetData" name="deleteUser" time="1.326"/>
</testsuite> <!-- testcase.api.SetData -->
